TN:
SF:C:\Users\maniv\Angular7-unit-testing\src\polyfills.ts
FNF:0
FNH:0
DA:46,1
DA:74,1
LF:2
LH:2
BRF:0
BRH:0
end_of_record
TN:
SF:C:\Users\maniv\Angular7-unit-testing\src\test.ts
FNF:0
FNH:0
DA:3,1
DA:4,1
DA:5,1
DA:13,1
DA:18,1
DA:20,1
LF:6
LH:6
BRF:0
BRH:0
end_of_record
TN:
SF:C:\Users\maniv\Angular7-unit-testing\src\app\app.component.ts
FN:8,(anonymous_2)
FN:11,AppComponent
FN:14,(anonymous_4)
FNF:3
FNH:3
FNDA:1,(anonymous_2)
FNDA:3,AppComponent
FNDA:1,(anonymous_4)
DA:1,1
DA:8,1
DA:9,3
DA:14,1
DA:19,1
LF:5
LH:5
BRF:0
BRH:0
end_of_record
TN:
SF:C:\Users\maniv\Angular7-unit-testing\src\app\reversePipe\reverse-pipe.pipe.ts
FN:6,(anonymous_1)
FN:8,(anonymous_3)
FNF:2
FNH:2
FNDA:2,(anonymous_1)
FNDA:1,(anonymous_3)
DA:1,1
DA:6,1
DA:8,1
DA:9,1
DA:12,1
LF:5
LH:5
BRF:0
BRH:0
end_of_record
TN:
SF:C:\Users\maniv\Angular7-unit-testing\src\app\user\user.component.ts
FN:10,(anonymous_2)
FN:14,UserComponent
FN:16,(anonymous_4)
FNF:3
FNH:3
FNDA:1,(anonymous_2)
FNDA:6,UserComponent
FNDA:3,(anonymous_4)
DA:1,1
DA:2,1
DA:10,1
DA:12,6
DA:14,6
DA:16,1
DA:18,3
DA:19,3
DA:20,2
DA:21,2
DA:23,1
DA:28,1
LF:12
LH:12
BRDA:19,0,0,2
BRDA:19,0,1,1
BRF:2
BRH:2
end_of_record
TN:
SF:C:\Users\maniv\Angular7-unit-testing\src\app\user\user.service.ts
FN:4,(anonymous_1)
FN:3,UserService
FN:10,(anonymous_3)
FNF:3
FNH:3
FNDA:1,(anonymous_1)
FNDA:6,UserService
FNDA:1,(anonymous_3)
DA:1,1
DA:4,1
DA:6,6
DA:10,1
DA:11,1
DA:13,1
LF:6
LH:6
BRF:0
BRH:0
end_of_record
TN:
SF:C:\Users\maniv\Angular7-unit-testing\src\app\user-async\user-async.component.ts
FN:11,(anonymous_2)
FN:18,UserAsyncComponent
FN:20,(anonymous_4)
FN:22,(anonymous_5)
FN:25,(anonymous_6)
FNF:5
FNH:5
FNDA:1,(anonymous_2)
FNDA:6,UserAsyncComponent
FNDA:3,(anonymous_4)
FNDA:2,(anonymous_5)
FNDA:1,(anonymous_6)
DA:1,1
DA:2,1
DA:11,1
DA:13,6
DA:16,6
DA:17,6
DA:18,6
DA:20,3
DA:22,3
DA:23,2
DA:24,2
DA:26,1
DA:27,1
DA:32,1
LF:14
LH:14
BRF:0
BRH:0
end_of_record
TN:
SF:C:\Users\maniv\Angular7-unit-testing\src\app\user-async\user-async.service.ts
FN:3,(anonymous_0)
FN:5,(anonymous_2)
FN:7,(anonymous_3)
FN:8,(anonymous_4)
FNF:4
FNH:4
FNDA:7,(anonymous_0)
FNDA:1,(anonymous_2)
FNDA:1,(anonymous_3)
FNDA:1,(anonymous_4)
DA:1,1
DA:3,1
DA:4,6
DA:5,1
DA:7,1
DA:8,1
DA:9,1
DA:12,1
DA:14,1
LF:9
LH:9
BRF:0
BRH:0
end_of_record
